<?xml version="1.0" encoding="utf-8"?><testsuites><testsuite name="pytest" errors="0" failures="0" skipped="0" tests="3" time="1.546" timestamp="2024-07-01T22:18:29.123698" hostname="tom-virtual-machine"><testcase classname="examples_rclpy_guard_conditions.guard_conditions.test.test_copyright" name="test_copyright" time="0.227" /><testcase classname="examples_rclpy_guard_conditions.guard_conditions.test.test_flake8" name="test_flake8" time="0.336" /><testcase classname="examples_rclpy_guard_conditions.guard_conditions.test.test_pep257" name="test_pep257" time="0.046" /></testsuite></testsuites>